c:\users\diego\source\repos\entregablesimage\sfmlsupergame\sfmlsupergame\obj\x64\debug\vc143.pdb
c:\users\diego\source\repos\entregablesimage\sfmlsupergame\sfmlsupergame\obj\x64\debug\vc143.idb
c:\users\diego\source\repos\entregablesimage\sfmlsupergame\sfmlsupergame\obj\x64\debug\worldeditor.obj
c:\users\diego\source\repos\entregablesimage\sfmlsupergame\sfmlsupergame\obj\x64\debug\stoneandfrostworld.obj
c:\users\diego\source\repos\entregablesimage\sfmlsupergame\sfmlsupergame\obj\x64\debug\warrior.obj
c:\users\diego\source\repos\entregablesimage\sfmlsupergame\sfmlsupergame\obj\x64\debug\orc.obj
c:\users\diego\source\repos\entregablesimage\sfmlsupergame\sfmlsupergame\obj\x64\debug\filemanager.obj
c:\users\diego\source\repos\entregablesimage\sfmlsupergame\sfmlsupergame\obj\x64\debug\player.obj
c:\users\diego\source\repos\entregablesimage\sfmlsupergame\sfmlsupergame\obj\x64\debug\main.obj
c:\users\diego\source\repos\entregablesimage\sfmlsupergame\sfmlsupergame\obj\x64\debug\resourcemanager.obj
c:\users\diego\source\repos\entregablesimage\sfmlsupergame\sfmlsupergame\obj\x64\debug\nexusengine.obj
c:\users\diego\source\repos\entregablesimage\sfmlsupergame\sfmlsupergame\obj\x64\debug\animationsequencer.obj
c:\users\diego\source\repos\entregablesimage\sfmlsupergame\sfmlsupergame\obj\x64\debug\soundsequencer.obj
c:\users\diego\source\repos\entregablesimage\sfmlsupergame\sfmlsupergame\obj\x64\debug\renderandfxmanager.obj
c:\users\diego\source\repos\entregablesimage\sfmlsupergame\sfmlsupergame\obj\x64\debug\helperfunctions.obj
c:\users\diego\source\repos\entregablesimage\sfmlsupergame\sfmlsupergame\bin\x64\debug\sfmlsupergame.exe
c:\users\diego\source\repos\entregablesimage\sfmlsupergame\sfmlsupergame\bin\x64\debug\sfmlsupergame.pdb
c:\users\diego\source\repos\entregablesimage\sfmlsupergame\sfmlsupergame\obj\x64\debug\sfmlsupergame.ilk
c:\users\diego\source\repos\entregablesimage\sfmlsupergame\sfmlsupergame\\bin\x64\debug\sfmlsupergame.pdb
c:\users\diego\source\repos\entregablesimage\sfmlsupergame\sfmlsupergame\\obj\x64\debug\sfmlsupergame.vcxproj.filelistabsolute.txt
c:\users\diego\source\repos\entregablesimage\sfmlsupergame\sfmlsupergame\obj\x64\debug\sfmlsupergame.tlog\cl.command.1.tlog
c:\users\diego\source\repos\entregablesimage\sfmlsupergame\sfmlsupergame\obj\x64\debug\sfmlsupergame.tlog\cl.items.tlog
c:\users\diego\source\repos\entregablesimage\sfmlsupergame\sfmlsupergame\obj\x64\debug\sfmlsupergame.tlog\cl.read.1.tlog
c:\users\diego\source\repos\entregablesimage\sfmlsupergame\sfmlsupergame\obj\x64\debug\sfmlsupergame.tlog\cl.write.1.tlog
c:\users\diego\source\repos\entregablesimage\sfmlsupergame\sfmlsupergame\obj\x64\debug\sfmlsupergame.tlog\link.command.1.tlog
c:\users\diego\source\repos\entregablesimage\sfmlsupergame\sfmlsupergame\obj\x64\debug\sfmlsupergame.tlog\link.read.1.tlog
c:\users\diego\source\repos\entregablesimage\sfmlsupergame\sfmlsupergame\obj\x64\debug\sfmlsupergame.tlog\link.secondary.1.tlog
c:\users\diego\source\repos\entregablesimage\sfmlsupergame\sfmlsupergame\obj\x64\debug\sfmlsupergame.tlog\link.write.1.tlog
