c:\users\diego\source\repos\entregablesimage\sfmlsupergame\sfmlsupergame\obj\x64\release\vc143.pdb
c:\users\diego\source\repos\entregablesimage\sfmlsupergame\sfmlsupergame\obj\x64\release\worldeditor.obj
c:\users\diego\source\repos\entregablesimage\sfmlsupergame\sfmlsupergame\obj\x64\release\tilemap.obj
c:\users\diego\source\repos\entregablesimage\sfmlsupergame\sfmlsupergame\obj\x64\release\stoneandfrostworld.obj
c:\users\diego\source\repos\entregablesimage\sfmlsupergame\sfmlsupergame\obj\x64\release\main.obj
c:\users\diego\source\repos\entregablesimage\sfmlsupergame\sfmlsupergame\obj\x64\release\gameentitymanager.obj
c:\users\diego\source\repos\entregablesimage\sfmlsupergame\sfmlsupergame\obj\x64\release\game.obj
c:\users\diego\source\repos\entregablesimage\sfmlsupergame\sfmlsupergame\obj\x64\release\warrior.obj
c:\users\diego\source\repos\entregablesimage\sfmlsupergame\sfmlsupergame\obj\x64\release\player.obj
c:\users\diego\source\repos\entregablesimage\sfmlsupergame\sfmlsupergame\obj\x64\release\orc.obj
c:\users\diego\source\repos\entregablesimage\sfmlsupergame\sfmlsupergame\obj\x64\release\soundsequencer.obj
c:\users\diego\source\repos\entregablesimage\sfmlsupergame\sfmlsupergame\obj\x64\release\resourcemanager.obj
c:\users\diego\source\repos\entregablesimage\sfmlsupergame\sfmlsupergame\obj\x64\release\renderandfxmanager.obj
c:\users\diego\source\repos\entregablesimage\sfmlsupergame\sfmlsupergame\obj\x64\release\nexusengine.obj
c:\users\diego\source\repos\entregablesimage\sfmlsupergame\sfmlsupergame\obj\x64\release\inputmanager.obj
c:\users\diego\source\repos\entregablesimage\sfmlsupergame\sfmlsupergame\obj\x64\release\helperfunctions.obj
c:\users\diego\source\repos\entregablesimage\sfmlsupergame\sfmlsupergame\obj\x64\release\guihandler.obj
c:\users\diego\source\repos\entregablesimage\sfmlsupergame\sfmlsupergame\obj\x64\release\filemanager.obj
c:\users\diego\source\repos\entregablesimage\sfmlsupergame\sfmlsupergame\obj\x64\release\animationsequencer.obj
c:\users\diego\source\repos\entregablesimage\sfmlsupergame\sfmlsupergame\bin\x64\release\sfmlsupergame.exe
c:\users\diego\source\repos\entregablesimage\sfmlsupergame\sfmlsupergame\obj\x64\release\sfmlsupergame.ipdb
c:\users\diego\source\repos\entregablesimage\sfmlsupergame\sfmlsupergame\obj\x64\release\sfmlsupergame.iobj
c:\users\diego\source\repos\entregablesimage\sfmlsupergame\sfmlsupergame\\obj\x64\release\sfmlsupergame.vcxproj.filelistabsolute.txt
c:\users\diego\source\repos\entregablesimage\sfmlsupergame\sfmlsupergame\obj\x64\release\sfmlsupergame.tlog\cl.command.1.tlog
c:\users\diego\source\repos\entregablesimage\sfmlsupergame\sfmlsupergame\obj\x64\release\sfmlsupergame.tlog\cl.items.tlog
c:\users\diego\source\repos\entregablesimage\sfmlsupergame\sfmlsupergame\obj\x64\release\sfmlsupergame.tlog\cl.read.1.tlog
c:\users\diego\source\repos\entregablesimage\sfmlsupergame\sfmlsupergame\obj\x64\release\sfmlsupergame.tlog\cl.write.1.tlog
c:\users\diego\source\repos\entregablesimage\sfmlsupergame\sfmlsupergame\obj\x64\release\sfmlsupergame.tlog\link.command.1.tlog
c:\users\diego\source\repos\entregablesimage\sfmlsupergame\sfmlsupergame\obj\x64\release\sfmlsupergame.tlog\link.read.1.tlog
c:\users\diego\source\repos\entregablesimage\sfmlsupergame\sfmlsupergame\obj\x64\release\sfmlsupergame.tlog\link.secondary.1.tlog
c:\users\diego\source\repos\entregablesimage\sfmlsupergame\sfmlsupergame\obj\x64\release\sfmlsupergame.tlog\link.write.1.tlog
